Using pre-set license
Built from '2020.3/staging' branch; Version is '2020.3.9f1 (108be757e447) revision 1084391'; Using compiler version '192528614'; Build Type 'Release'
OS: 'Windows 10 Home; OS build 19042.1288; Version 2009; 64bit' Language: 'en' Physical Memory: 16158 MB
BatchMode: 1, IsHumanControllingUs: 0, StartBugReporterOnCrash: 0, Is64bit: 1, IsPro: 0

 COMMAND LINE ARGUMENTS:
C:\Program Files\Unity\Hub\Editor\2020.3.9f1\Editor\Unity.exe
-adb2
-batchMode
-noUpm
-name
AssetImportWorker0
-projectPath
C:/PERSONAL/UnityProjects/Senior Design
-logFile
Logs/AssetImportWorker0.log
-srvPort
56051
Successfully changed project path to: C:/PERSONAL/UnityProjects/Senior Design
C:/PERSONAL/UnityProjects/Senior Design
Using Asset Import Pipeline V2.
Refreshing native plugins compatible for Editor in 21.13 ms, found 0 plugins.
Preloading 0 native plugins for Editor in 0.00 ms.
Initialize engine version: 2020.3.9f1 (108be757e447)
[Subsystems] Discovering subsystems at path C:/Program Files/Unity/Hub/Editor/2020.3.9f1/Editor/Data/Resources/UnitySubsystems
[Subsystems] Discovering subsystems at path C:/PERSONAL/UnityProjects/Senior Design/Assets
GfxDevice: creating device client; threaded=0
Direct3D:
    Version:  Direct3D 11.0 [level 11.1]
    Renderer: NVIDIA GeForce RTX 2060 (ID=0x1f08)
    Vendor:   
    VRAM:     5980 MB
    Driver:   30.0.14.7196
Initialize mono
Mono path[0] = 'C:/Program Files/Unity/Hub/Editor/2020.3.9f1/Editor/Data/Managed'
Mono path[1] = 'C:/Program Files/Unity/Hub/Editor/2020.3.9f1/Editor/Data/MonoBleedingEdge/lib/mono/unityjit'
Mono config path = 'C:/Program Files/Unity/Hub/Editor/2020.3.9f1/Editor/Data/MonoBleedingEdge/etc'
Using monoOptions --debugger-agent=transport=dt_socket,embedding=1,server=y,suspend=n,address=127.0.0.1:56084
Begin MonoManager ReloadAssembly
Registering precompiled unity dll's ...
Register platform support module: C:/Program Files/Unity/Hub/Editor/2020.3.9f1/Editor/Data/PlaybackEngines/WindowsStandaloneSupport/UnityEditor.WindowsStandalone.Extensions.dll
Registered in 0.002208 seconds.
Native extension for WindowsStandalone target not found
Refreshing native plugins compatible for Editor in 21.63 ms, found 0 plugins.
Preloading 0 native plugins for Editor in 0.00 ms.
Mono: successfully reloaded assembly
- Completed reload, in  0.941 seconds
Platform modules already initialized, skipping
Registering precompiled user dll's ...
Registered in 0.000751 seconds.
Begin MonoManager ReloadAssembly
Native extension for WindowsStandalone target not found
Refreshing native plugins compatible for Editor in 0.22 ms, found 0 plugins.
Preloading 0 native plugins for Editor in 0.00 ms.
Mono: successfully reloaded assembly
- Completed reload, in  0.679 seconds
Platform modules already initialized, skipping
========================================================================
Worker process is ready to serve import requests
Launched and connected shader compiler UnityShaderCompiler.exe after 0.04 seconds
Refreshing native plugins compatible for Editor in 0.25 ms, found 0 plugins.
Preloading 0 native plugins for Editor in 0.00 ms.
Unloading 1136 Unused Serialized files (Serialized files now loaded: 0)
System memory in use before: 60.1 MB.
System memory in use after: 60.1 MB.

Unloading 10 unused Assets to reduce memory usage. Loaded Objects now: 1581.
Total: 1.617800 ms (FindLiveObjects: 0.143200 ms CreateObjectMapping: 0.034600 ms MarkObjects: 1.369800 ms  DeleteObjects: 0.069200 ms)

========================================================================
Received Import Request.
  path: Assets/Scenes/!Template.unity
  artifactKey: Guid(33702eca7a4851c4295d4bfaad40272f) Importer(815301076,1909f56bfc062723c751e8b465ee728b)
Start importing Assets/Scenes/!Template.unity using Guid(33702eca7a4851c4295d4bfaad40272f) Importer(815301076,1909f56bfc062723c751e8b465ee728b)  -> (artifact id: '335ab8f0bf258e6cfede5d9c31dca812') in 0.010520 seconds
  Import took 0.012029 seconds .

========================================================================
Received Import Request.
  Time since last request: 37.057981 seconds.
  path: Assets/Scenes/Level_13.unity
  artifactKey: Guid(18ae0256d8dc1d242a070acb0302b0eb) Importer(815301076,1909f56bfc062723c751e8b465ee728b)
Start importing Assets/Scenes/Level_13.unity using Guid(18ae0256d8dc1d242a070acb0302b0eb) Importer(815301076,1909f56bfc062723c751e8b465ee728b)  -> (artifact id: '7a859c0fa59cf0af8385b5fc2207fc18') in 0.002321 seconds
  Import took 0.003918 seconds .

========================================================================
Received Import Request.
  Time since last request: 22.495905 seconds.
  path: Assets/Scenes/Level_14.unity
  artifactKey: Guid(2718ebe45c74e084088df609d741493c) Importer(815301076,1909f56bfc062723c751e8b465ee728b)
Start importing Assets/Scenes/Level_14.unity using Guid(2718ebe45c74e084088df609d741493c) Importer(815301076,1909f56bfc062723c751e8b465ee728b)  -> (artifact id: '663954e398574afd332303b8cdb25417') in 0.002362 seconds
  Import took 0.003938 seconds .

========================================================================
Received Import Request.
  Time since last request: 9.076056 seconds.
  path: Assets/Scenes/Level_15.unity
  artifactKey: Guid(e555259c1f0195549b552121ed3c051d) Importer(815301076,1909f56bfc062723c751e8b465ee728b)
Start importing Assets/Scenes/Level_15.unity using Guid(e555259c1f0195549b552121ed3c051d) Importer(815301076,1909f56bfc062723c751e8b465ee728b)  -> (artifact id: '148f21c93b6978ed70c50df27bb0dc23') in 0.002213 seconds
  Import took 0.003807 seconds .

========================================================================
Received Import Request.
  Time since last request: 8.833940 seconds.
  path: Assets/Scenes/Level_16.unity
  artifactKey: Guid(c4424eaed33c397439e25d480a5ceec9) Importer(815301076,1909f56bfc062723c751e8b465ee728b)
Start importing Assets/Scenes/Level_16.unity using Guid(c4424eaed33c397439e25d480a5ceec9) Importer(815301076,1909f56bfc062723c751e8b465ee728b)  -> (artifact id: 'd6c48e33db7585c9424ce1d343bcfbcd') in 0.002260 seconds
  Import took 0.003798 seconds .

========================================================================
Received Import Request.
  Time since last request: 197.441705 seconds.
  path: Assets/Scenes/Level_1.unity
  artifactKey: Guid(319619675e09a2d46963e222256c1351) Importer(815301076,1909f56bfc062723c751e8b465ee728b)
Start importing Assets/Scenes/Level_1.unity using Guid(319619675e09a2d46963e222256c1351) Importer(815301076,1909f56bfc062723c751e8b465ee728b)  -> (artifact id: '962b836f87e85b6f1feeff7412dad8be') in 0.002857 seconds
  Import took 0.004532 seconds .

========================================================================
Received Import Request.
  Time since last request: 2.637821 seconds.
  path: Assets/Scenes/Level_2.unity
  artifactKey: Guid(3f53927dbc732a9488efa33854588447) Importer(815301076,1909f56bfc062723c751e8b465ee728b)
Start importing Assets/Scenes/Level_2.unity using Guid(3f53927dbc732a9488efa33854588447) Importer(815301076,1909f56bfc062723c751e8b465ee728b)  -> (artifact id: '1fedc2d7a3efab989c4e3ebfdd39c757') in 0.002276 seconds
  Import took 0.003771 seconds .

AssetImportWorkerClient::OnTransportError - code=2 error=End of file
