Using pre-set license
Built from '2020.3/staging' branch; Version is '2020.3.9f1 (108be757e447) revision 1084391'; Using compiler version '192528614'; Build Type 'Release'
OS: 'Windows 10 Home; OS build 19042.1348; Version 2009; 64bit' Language: 'en' Physical Memory: 16154 MB
BatchMode: 1, IsHumanControllingUs: 0, StartBugReporterOnCrash: 0, Is64bit: 1, IsPro: 0

 COMMAND LINE ARGUMENTS:
C:\Program Files\Unity\Hub\Editor\2020.3.9f1\Editor\Unity.exe
-adb2
-batchMode
-noUpm
-name
AssetImportWorker0
-projectPath
C:/PERSONAL/UnityProjects/SeniorDesign
-logFile
Logs/AssetImportWorker0.log
-srvPort
63490
Successfully changed project path to: C:/PERSONAL/UnityProjects/SeniorDesign
C:/PERSONAL/UnityProjects/SeniorDesign
Using Asset Import Pipeline V2.
Refreshing native plugins compatible for Editor in 21.56 ms, found 0 plugins.
Preloading 0 native plugins for Editor in 0.00 ms.
Initialize engine version: 2020.3.9f1 (108be757e447)
[Subsystems] Discovering subsystems at path C:/Program Files/Unity/Hub/Editor/2020.3.9f1/Editor/Data/Resources/UnitySubsystems
[Subsystems] Discovering subsystems at path C:/PERSONAL/UnityProjects/SeniorDesign/Assets
GfxDevice: creating device client; threaded=0
Direct3D:
    Version:  Direct3D 11.0 [level 11.1]
    Renderer: NVIDIA GeForce RTX 2060 (ID=0x1f08)
    Vendor:   
    VRAM:     5980 MB
    Driver:   30.0.14.7196
Initialize mono
Mono path[0] = 'C:/Program Files/Unity/Hub/Editor/2020.3.9f1/Editor/Data/Managed'
Mono path[1] = 'C:/Program Files/Unity/Hub/Editor/2020.3.9f1/Editor/Data/MonoBleedingEdge/lib/mono/unityjit'
Mono config path = 'C:/Program Files/Unity/Hub/Editor/2020.3.9f1/Editor/Data/MonoBleedingEdge/etc'
Using monoOptions --debugger-agent=transport=dt_socket,embedding=1,server=y,suspend=n,address=127.0.0.1:56396
Begin MonoManager ReloadAssembly
Registering precompiled unity dll's ...
Register platform support module: C:/Program Files/Unity/Hub/Editor/2020.3.9f1/Editor/Data/PlaybackEngines/WindowsStandaloneSupport/UnityEditor.WindowsStandalone.Extensions.dll
Registered in 0.002088 seconds.
Native extension for WindowsStandalone target not found
Refreshing native plugins compatible for Editor in 22.24 ms, found 0 plugins.
Preloading 0 native plugins for Editor in 0.00 ms.
Mono: successfully reloaded assembly
- Completed reload, in  0.945 seconds
Platform modules already initialized, skipping
Registering precompiled user dll's ...
Registered in 0.000739 seconds.
Begin MonoManager ReloadAssembly
Native extension for WindowsStandalone target not found
Refreshing native plugins compatible for Editor in 0.22 ms, found 0 plugins.
Preloading 0 native plugins for Editor in 0.00 ms.
Mono: successfully reloaded assembly
- Completed reload, in  0.715 seconds
Platform modules already initialized, skipping
========================================================================
Worker process is ready to serve import requests
Launched and connected shader compiler UnityShaderCompiler.exe after 0.06 seconds
Refreshing native plugins compatible for Editor in 0.23 ms, found 0 plugins.
Preloading 0 native plugins for Editor in 0.00 ms.
Unloading 1144 Unused Serialized files (Serialized files now loaded: 0)
System memory in use before: 73.0 MB.
System memory in use after: 73.0 MB.

Unloading 10 unused Assets to reduce memory usage. Loaded Objects now: 1607.
Total: 1.305100 ms (FindLiveObjects: 0.116400 ms CreateObjectMapping: 0.030500 ms MarkObjects: 1.093000 ms  DeleteObjects: 0.064500 ms)

========================================================================
Received Import Request.
  path: Assets/Scenes/Level_1.unity
  artifactKey: Guid(319619675e09a2d46963e222256c1351) Importer(815301076,1909f56bfc062723c751e8b465ee728b)
Start importing Assets/Scenes/Level_1.unity using Guid(319619675e09a2d46963e222256c1351) Importer(815301076,1909f56bfc062723c751e8b465ee728b)  -> (artifact id: 'a95b33784236e4b76f207dc07151269f') in 0.009579 seconds
  Import took 0.011747 seconds .

========================================================================
Received Prepare
Refreshing native plugins compatible for Editor in 0.72 ms, found 0 plugins.
Preloading 0 native plugins for Editor in 0.00 ms.
Unloading 3 Unused Serialized files (Serialized files now loaded: 0)
System memory in use before: 49.2 MB.
System memory in use after: 49.3 MB.

Unloading 3 unused Assets to reduce memory usage. Loaded Objects now: 1607.
Total: 1.543300 ms (FindLiveObjects: 0.112400 ms CreateObjectMapping: 0.037400 ms MarkObjects: 1.351500 ms  DeleteObjects: 0.041200 ms)

========================================================================
Received Import Request.
  Time since last request: 688.392821 seconds.
  path: Assets/Scenes/Level_2.unity
  artifactKey: Guid(3f53927dbc732a9488efa33854588447) Importer(815301076,1909f56bfc062723c751e8b465ee728b)
Start importing Assets/Scenes/Level_2.unity using Guid(3f53927dbc732a9488efa33854588447) Importer(815301076,1909f56bfc062723c751e8b465ee728b)  -> (artifact id: '17cd9f14e6017e07183dad9461c108c4') in 0.005572 seconds
  Import took 0.007517 seconds .

========================================================================
Received Prepare
Registering precompiled user dll's ...
Registered in 0.000674 seconds.
Begin MonoManager ReloadAssembly
Native extension for WindowsStandalone target not found
Refreshing native plugins compatible for Editor in 0.23 ms, found 0 plugins.
Preloading 0 native plugins for Editor in 0.00 ms.
Mono: successfully reloaded assembly
- Completed reload, in  0.620 seconds
Platform modules already initialized, skipping
Refreshing native plugins compatible for Editor in 0.22 ms, found 0 plugins.
Preloading 0 native plugins for Editor in 0.00 ms.
Unloading 1126 Unused Serialized files (Serialized files now loaded: 0)
System memory in use before: 71.6 MB.
System memory in use after: 71.7 MB.

Unloading 5 unused Assets to reduce memory usage. Loaded Objects now: 1610.
Total: 1.290900 ms (FindLiveObjects: 0.122800 ms CreateObjectMapping: 0.030100 ms MarkObjects: 1.092000 ms  DeleteObjects: 0.045200 ms)

========================================================================
Received Prepare
Refreshing native plugins compatible for Editor in 0.78 ms, found 0 plugins.
Preloading 0 native plugins for Editor in 0.00 ms.
Unloading 3 Unused Serialized files (Serialized files now loaded: 0)
System memory in use before: 49.3 MB.
System memory in use after: 49.4 MB.

Unloading 3 unused Assets to reduce memory usage. Loaded Objects now: 1610.
Total: 1.927000 ms (FindLiveObjects: 0.229900 ms CreateObjectMapping: 0.046900 ms MarkObjects: 1.592900 ms  DeleteObjects: 0.056500 ms)

========================================================================
Received Import Request.
  Time since last request: 80.013761 seconds.
  path: Assets/Scenes/Level_3.unity
  artifactKey: Guid(0c1e54d6efe2c1d4eb7f57c58962b5ce) Importer(815301076,1909f56bfc062723c751e8b465ee728b)
Start importing Assets/Scenes/Level_3.unity using Guid(0c1e54d6efe2c1d4eb7f57c58962b5ce) Importer(815301076,1909f56bfc062723c751e8b465ee728b)  -> (artifact id: '6156c467065bbfa650baf6dd6ede006f') in 0.012981 seconds
  Import took 0.014611 seconds .

========================================================================
Received Import Request.
  Time since last request: 20.542446 seconds.
  path: Assets/Scenes/Level_4.unity
  artifactKey: Guid(eca8cdf74a17f324da7a31424048e8e6) Importer(815301076,1909f56bfc062723c751e8b465ee728b)
Start importing Assets/Scenes/Level_4.unity using Guid(eca8cdf74a17f324da7a31424048e8e6) Importer(815301076,1909f56bfc062723c751e8b465ee728b)  -> (artifact id: '58ac0ab00e79f4d2b5de23c404747215') in 0.002365 seconds
  Import took 0.005995 seconds .

========================================================================
Received Import Request.
  Time since last request: 0.000196 seconds.
  path: Assets/Scenes/Level_4.unity
  artifactKey: Guid(eca8cdf74a17f324da7a31424048e8e6) Importer(815301076,1909f56bfc062723c751e8b465ee728b)
Start importing Assets/Scenes/Level_4.unity using Guid(eca8cdf74a17f324da7a31424048e8e6) Importer(815301076,1909f56bfc062723c751e8b465ee728b)  -> (artifact id: '58ac0ab00e79f4d2b5de23c404747215') in 0.002138 seconds
  Import took 0.003575 seconds .

========================================================================
Received Import Request.
  Time since last request: 1.633505 seconds.
  path: Assets/Scenes/Level_5.unity
  artifactKey: Guid(67a356043a13a0c4aba2f9dfdc99d927) Importer(815301076,1909f56bfc062723c751e8b465ee728b)
Start importing Assets/Scenes/Level_5.unity using Guid(67a356043a13a0c4aba2f9dfdc99d927) Importer(815301076,1909f56bfc062723c751e8b465ee728b)  -> (artifact id: '303f6a671241aa0b697f7110cb9453bb') in 0.002282 seconds
  Import took 0.004262 seconds .

========================================================================
Received Import Request.
  Time since last request: 0.000891 seconds.
  path: Assets/Scenes/Level_5.unity
  artifactKey: Guid(67a356043a13a0c4aba2f9dfdc99d927) Importer(815301076,1909f56bfc062723c751e8b465ee728b)
Start importing Assets/Scenes/Level_5.unity using Guid(67a356043a13a0c4aba2f9dfdc99d927) Importer(815301076,1909f56bfc062723c751e8b465ee728b)  -> (artifact id: '303f6a671241aa0b697f7110cb9453bb') in 0.002054 seconds
  Import took 0.003409 seconds .

========================================================================
Received Import Request.
  Time since last request: 65.135683 seconds.
  path: Assets/Scenes/Level_9.unity
  artifactKey: Guid(ec841646b98bc2647bab44b36162fa2d) Importer(815301076,1909f56bfc062723c751e8b465ee728b)
Start importing Assets/Scenes/Level_9.unity using Guid(ec841646b98bc2647bab44b36162fa2d) Importer(815301076,1909f56bfc062723c751e8b465ee728b)  -> (artifact id: 'b5e191285b3f7c388f728fd0c8796558') in 0.002303 seconds
  Import took 0.004027 seconds .

========================================================================
Received Import Request.
  Time since last request: 3.377849 seconds.
  path: Assets/Scenes/Level_10.unity
  artifactKey: Guid(187b2595c3f6b644f95fb9a9961028f8) Importer(815301076,1909f56bfc062723c751e8b465ee728b)
Start importing Assets/Scenes/Level_10.unity using Guid(187b2595c3f6b644f95fb9a9961028f8) Importer(815301076,1909f56bfc062723c751e8b465ee728b)  -> (artifact id: '142ff9d086c3344b03781286336f1db6') in 0.002367 seconds
  Import took 0.004499 seconds .

========================================================================
Received Import Request.
  Time since last request: 6.002196 seconds.
  path: Assets/Scenes/Level_11.unity
  artifactKey: Guid(f18c9614eeea1c848b6d15321263a544) Importer(815301076,1909f56bfc062723c751e8b465ee728b)
Start importing Assets/Scenes/Level_11.unity using Guid(f18c9614eeea1c848b6d15321263a544) Importer(815301076,1909f56bfc062723c751e8b465ee728b)  -> (artifact id: '572d43147949aa25819ef0bcb5586fbd') in 0.002237 seconds
  Import took 0.003782 seconds .

========================================================================
Received Import Request.
  Time since last request: 168.033366 seconds.
  path: Assets/Scenes/Level_15.unity
  artifactKey: Guid(e555259c1f0195549b552121ed3c051d) Importer(815301076,1909f56bfc062723c751e8b465ee728b)
Start importing Assets/Scenes/Level_15.unity using Guid(e555259c1f0195549b552121ed3c051d) Importer(815301076,1909f56bfc062723c751e8b465ee728b)  -> (artifact id: 'b39abf55aa97fdf3e6f6a41c52603f6b') in 0.003087 seconds
  Import took 0.005054 seconds .

========================================================================
Received Prepare
Registering precompiled user dll's ...
Registered in 0.000612 seconds.
Begin MonoManager ReloadAssembly
Native extension for WindowsStandalone target not found
Refreshing native plugins compatible for Editor in 0.23 ms, found 0 plugins.
Preloading 0 native plugins for Editor in 0.00 ms.
Mono: successfully reloaded assembly
- Completed reload, in  0.617 seconds
Platform modules already initialized, skipping
Refreshing native plugins compatible for Editor in 0.23 ms, found 0 plugins.
Preloading 0 native plugins for Editor in 0.00 ms.
Unloading 1126 Unused Serialized files (Serialized files now loaded: 0)
System memory in use before: 71.7 MB.
System memory in use after: 71.8 MB.

Unloading 5 unused Assets to reduce memory usage. Loaded Objects now: 1613.
Total: 1.293500 ms (FindLiveObjects: 0.107700 ms CreateObjectMapping: 0.029600 ms MarkObjects: 1.110300 ms  DeleteObjects: 0.045100 ms)

========================================================================
Received Import Request.
  Time since last request: 675.073341 seconds.
  path: Assets/Scenes/Level_2.unity
  artifactKey: Guid(3f53927dbc732a9488efa33854588447) Importer(815301076,1909f56bfc062723c751e8b465ee728b)
Start importing Assets/Scenes/Level_2.unity using Guid(3f53927dbc732a9488efa33854588447) Importer(815301076,1909f56bfc062723c751e8b465ee728b)  -> (artifact id: 'a58e8c0d515e7ed0baa7a864b79f52a0') in 0.013220 seconds
  Import took 0.015298 seconds .

AssetImportWorkerClient::OnTransportError - code=2 error=End of file
